Test Times: 1

Initial

Weight:
[[ 9.19817142  4.42921117]
 [-8.15105264 -4.72998169]
 [-2.2962576   9.26938963]
 [-2.62181611  2.06917318]]

Biases:
[[-2.4094926 ]
 [-1.23523689]
 [ 0.        ]
 [ 0.        ]]

----------
After Training

Weight:
[[ 3.19817142  4.42921117]
 [ 3.84894736 -2.72998169]
 [-5.2962576   3.26938963]
 [-0.62181611 -2.93082682]]

Biases:
[[-7.4094926 ]
 [-3.23523689]
 [-5.        ]
 [-3.        ]]

----------
Result:
Error
Error
P
O
Total Epoch: 7
Error Times: 2
Using time: 0.0024 seconds

==============================
Total Error: 2
Total time using: 0.0024 seconds
