Test Times: 1

Initial

Weight:
[[-2.14007204  4.56022524  9.52202748]
 [-4.20977686 -0.49264323 -6.48065508]
 [ 5.04145173  0.84261573 -8.44055969]
 [ 7.51657565 -1.37423679  3.68788614]]

Biases:
[[-1.35185467]
 [ 4.66396078]
 [-6.23054043]
 [ 3.41748817]]

----------
After Training

Weight:
[[  8.48642796  49.13622524  54.61082748]
 [-29.34327686   8.09305677 -40.80675508]
 [ -8.90484827 -49.51358427  39.75744031]
 [ 23.81807565  -5.49723679 -37.16021386]]

Biases:
[[-105.35185467]
 [ -17.33603922]
 [-104.23054043]
 [ -79.58251183]]

----------
Result:
Error
P
B
B
Error
W
O
P
O
O
W
B
B
O
P
P
B
W
B
O
B
Error
B
W
O
O
O
B
O
W
W
W
O
B
P
W
P
P
W
P
Total Epoch: 10
Error Times: 3
Using time: 0.4139 seconds

==============================
Total Error: 3
Total time using: 0.4139 seconds
